0 info it worked if it ends with ok
1 verbose cli [ '/usr/local/bin/node',
1 verbose cli   '/usr/local/bin/npm',
1 verbose cli   'install',
1 verbose cli   'grunt-concat-css',
1 verbose cli   '--save-dev' ]
2 info using npm@2.15.5
3 info using node@v4.4.5
4 verbose install initial load of /Users/pasha/Documents/Nodejs/package.json
5 warn package.json test@1.0.0 No description
6 warn package.json test@1.0.0 No repository field.
7 warn package.json test@1.0.0 No README data
8 verbose installManyTop reading scoped package data from /Users/pasha/Documents/Nodejs/node_modules/grunt/package.json
9 verbose installManyTop reading scoped package data from /Users/pasha/Documents/Nodejs/node_modules/grunt-contrib-concat/package.json
10 verbose installManyTop reading scoped package data from /Users/pasha/Documents/Nodejs/node_modules/grunt-contrib-cssmin/package.json
11 verbose installManyTop reading scoped package data from /Users/pasha/Documents/Nodejs/node_modules/grunt-contrib-uglify/package.json
12 verbose readDependencies loading dependencies from /Users/pasha/Documents/Nodejs/package.json
13 silly cache add args [ 'grunt-concat-css', null ]
14 verbose cache add spec grunt-concat-css
15 silly cache add parsed spec Result {
15 silly cache add   raw: 'grunt-concat-css',
15 silly cache add   scope: null,
15 silly cache add   name: 'grunt-concat-css',
15 silly cache add   rawSpec: '',
15 silly cache add   spec: 'latest',
15 silly cache add   type: 'tag' }
16 silly addNamed grunt-concat-css@latest
17 verbose addNamed "latest" is being treated as a dist-tag for grunt-concat-css
18 info addNameTag [ 'grunt-concat-css', 'latest' ]
19 silly mapToRegistry name grunt-concat-css
20 silly mapToRegistry using default registry
21 silly mapToRegistry registry https://registry.npmjs.org/
22 silly mapToRegistry data Result {
22 silly mapToRegistry   raw: 'grunt-concat-css',
22 silly mapToRegistry   scope: null,
22 silly mapToRegistry   name: 'grunt-concat-css',
22 silly mapToRegistry   rawSpec: '',
22 silly mapToRegistry   spec: 'latest',
22 silly mapToRegistry   type: 'tag' }
23 silly mapToRegistry uri https://registry.npmjs.org/grunt-concat-css
24 verbose addNameTag registry:https://registry.npmjs.org/grunt-concat-css not in flight; fetching
25 verbose request uri https://registry.npmjs.org/grunt-concat-css
26 verbose request no auth needed
27 info attempt registry request try #1 at 4:23:03 PM
28 verbose request id 7cf564f50fc5f885
29 http request GET https://registry.npmjs.org/grunt-concat-css
30 http 200 https://registry.npmjs.org/grunt-concat-css
31 verbose headers { server: 'CouchDB/1.5.0 (Erlang OTP/R16B03)',
31 verbose headers   etag: '"3LKNS640OEF6H86MCMHH97MF7"',
31 verbose headers   'content-type': 'application/json',
31 verbose headers   'content-encoding': 'gzip',
31 verbose headers   'cache-control': 'max-age=300',
31 verbose headers   'content-length': '2352',
31 verbose headers   'accept-ranges': 'bytes',
31 verbose headers   date: 'Sun, 19 Jun 2016 13:23:03 GMT',
31 verbose headers   via: '1.1 varnish',
31 verbose headers   age: '0',
31 verbose headers   connection: 'keep-alive',
31 verbose headers   'x-served-by': 'cache-fra1236-FRA',
31 verbose headers   'x-cache': 'MISS',
31 verbose headers   'x-cache-hits': '0',
31 verbose headers   'x-timer': 'S1466342583.594182,VS0,VE107',
31 verbose headers   vary: 'Accept-Encoding' }
32 silly get cb [ 200,
32 silly get   { server: 'CouchDB/1.5.0 (Erlang OTP/R16B03)',
32 silly get     etag: '"3LKNS640OEF6H86MCMHH97MF7"',
32 silly get     'content-type': 'application/json',
32 silly get     'content-encoding': 'gzip',
32 silly get     'cache-control': 'max-age=300',
32 silly get     'content-length': '2352',
32 silly get     'accept-ranges': 'bytes',
32 silly get     date: 'Sun, 19 Jun 2016 13:23:03 GMT',
32 silly get     via: '1.1 varnish',
32 silly get     age: '0',
32 silly get     connection: 'keep-alive',
32 silly get     'x-served-by': 'cache-fra1236-FRA',
32 silly get     'x-cache': 'MISS',
32 silly get     'x-cache-hits': '0',
32 silly get     'x-timer': 'S1466342583.594182,VS0,VE107',
32 silly get     vary: 'Accept-Encoding' } ]
33 verbose get saving grunt-concat-css to /Users/pasha/.npm/registry.npmjs.org/grunt-concat-css/.cache.json
34 verbose correctMkdir /Users/pasha/.npm correctMkdir not in flight; initializing
35 silly addNameTag next cb for grunt-concat-css with tag latest
36 silly addNamed grunt-concat-css@0.3.1
37 verbose addNamed "0.3.1" is a plain semver version for grunt-concat-css
38 silly mapToRegistry name grunt-concat-css
39 silly mapToRegistry using default registry
40 silly mapToRegistry registry https://registry.npmjs.org/
41 silly mapToRegistry data Result {
41 silly mapToRegistry   raw: 'grunt-concat-css',
41 silly mapToRegistry   scope: null,
41 silly mapToRegistry   name: 'grunt-concat-css',
41 silly mapToRegistry   rawSpec: '',
41 silly mapToRegistry   spec: 'latest',
41 silly mapToRegistry   type: 'tag' }
42 silly mapToRegistry uri https://registry.npmjs.org/grunt-concat-css
43 verbose addRemoteTarball https://registry.npmjs.org/grunt-concat-css/-/grunt-concat-css-0.3.1.tgz not in flight; adding
44 verbose addRemoteTarball [ 'https://registry.npmjs.org/grunt-concat-css/-/grunt-concat-css-0.3.1.tgz',
44 verbose addRemoteTarball   'b52c7511c696868cdae6ec4048df5bdd2896dd12' ]
45 info retry fetch attempt 1 at 4:23:03 PM
46 info attempt registry request try #1 at 4:23:03 PM
47 http fetch GET https://registry.npmjs.org/grunt-concat-css/-/grunt-concat-css-0.3.1.tgz
48 http fetch 200 https://registry.npmjs.org/grunt-concat-css/-/grunt-concat-css-0.3.1.tgz
49 silly fetchAndShaCheck shasum b52c7511c696868cdae6ec4048df5bdd2896dd12
50 verbose addTmpTarball /var/folders/ck/khd0fnxn7cs3ss912_70n6gm0000gn/T/npm-1950-1eb9171c/registry.npmjs.org/grunt-concat-css/-/grunt-concat-css-0.3.1.tgz not in flight; adding
51 verbose addTmpTarball already have metadata; skipping unpack for grunt-concat-css@0.3.1
52 verbose correctMkdir /Users/pasha/.npm correctMkdir not in flight; initializing
53 silly cache afterAdd grunt-concat-css@0.3.1
54 verbose afterAdd /Users/pasha/.npm/grunt-concat-css/0.3.1/package/package.json not in flight; writing
55 verbose correctMkdir /Users/pasha/.npm correctMkdir not in flight; initializing
56 verbose afterAdd /Users/pasha/.npm/grunt-concat-css/0.3.1/package/package.json written
57 silly install resolved [ { name: 'grunt-concat-css',
57 silly install resolved     version: '0.3.1',
57 silly install resolved     description: 'Concat CSS with @import statements at top and relative url preserved.',
57 silly install resolved     homepage: 'https://github.com/urturn/grunt-concat-css',
57 silly install resolved     author: { name: 'Olivier Amblet', email: 'olivier@amblet.net' },
57 silly install resolved     repository:
57 silly install resolved      { type: 'git',
57 silly install resolved        url: 'https://github.com/urturn/grunt-concat-css.git' },
57 silly install resolved     bugs: { url: 'https://github.com/urturn/grunt-concat-css/issues' },
57 silly install resolved     licenses: [ [Object] ],
57 silly install resolved     engines: { node: '>= 0.8.0' },
57 silly install resolved     scripts: { test: 'grunt test' },
57 silly install resolved     directories: { test: 'test' },
57 silly install resolved     devDependencies:
57 silly install resolved      { grunt: '~0.4.2',
57 silly install resolved        'grunt-concat-css': 'git://github.com/webdoc/grunt-concat-css.git',
57 silly install resolved        'grunt-contrib-clean': '~0.5.0',
57 silly install resolved        'grunt-contrib-jshint': '~0.8.0',
57 silly install resolved        'grunt-contrib-nodeunit': '~0.2.2' },
57 silly install resolved     peerDependencies: { grunt: '~0.4.1' },
57 silly install resolved     keywords: [ 'gruntplugin', 'css', 'concat' ],
57 silly install resolved     _id: 'grunt-concat-css@0.3.1',
57 silly install resolved     dist:
57 silly install resolved      { shasum: 'b52c7511c696868cdae6ec4048df5bdd2896dd12',
57 silly install resolved        tarball: 'https://registry.npmjs.org/grunt-concat-css/-/grunt-concat-css-0.3.1.tgz' },
57 silly install resolved     _from: 'grunt-concat-css@latest',
57 silly install resolved     _npmVersion: '1.2.17',
57 silly install resolved     _npmUser: { name: 'oliamb', email: 'olivier@amblet.net' },
57 silly install resolved     maintainers: [ [Object] ],
57 silly install resolved     _shasum: 'b52c7511c696868cdae6ec4048df5bdd2896dd12',
57 silly install resolved     _resolved: 'https://registry.npmjs.org/grunt-concat-css/-/grunt-concat-css-0.3.1.tgz' } ]
58 info install grunt-concat-css@0.3.1 into /Users/pasha/Documents/Nodejs
59 info installOne grunt-concat-css@0.3.1
60 verbose installOne of grunt-concat-css to /Users/pasha/Documents/Nodejs not in flight; installing
61 verbose correctMkdir /Users/pasha/.npm/_locks correctMkdir not in flight; initializing
62 verbose lock using /Users/pasha/.npm/_locks/grunt-concat-css-f74f68febe8dac25.lock for /Users/pasha/Documents/Nodejs/node_modules/grunt-concat-css
63 silly install write writing grunt-concat-css 0.3.1 to /Users/pasha/Documents/Nodejs/node_modules/grunt-concat-css
64 verbose unbuild node_modules/grunt-concat-css
65 silly gentlyRm /Users/pasha/Documents/Nodejs/node_modules/grunt-concat-css is being purged from base /Users/pasha/Documents/Nodejs
66 verbose gentlyRm don't care about contents; nuking /Users/pasha/Documents/Nodejs/node_modules/grunt-concat-css
67 verbose tar unpack /Users/pasha/.npm/grunt-concat-css/0.3.1/package.tgz
68 verbose tar unpacking to /Users/pasha/Documents/Nodejs/node_modules/grunt-concat-css
69 silly gentlyRm /Users/pasha/Documents/Nodejs/node_modules/grunt-concat-css is being purged
70 verbose gentlyRm don't care about contents; nuking /Users/pasha/Documents/Nodejs/node_modules/grunt-concat-css
71 silly gunzTarPerm modes [ '755', '644' ]
72 silly gunzTarPerm extractEntry package.json
73 silly gunzTarPerm extractEntry .npmignore
74 silly gunzTarPerm extractEntry README.md
75 silly gunzTarPerm extractEntry Gruntfile.js
76 silly gunzTarPerm extractEntry .jshintrc
77 silly gunzTarPerm extractEntry LICENSE-MIT
78 silly gunzTarPerm extractEntry tasks/concat_css.js
79 silly gunzTarPerm extractEntry test/concat_css_test.js
80 silly gunzTarPerm extractEntry test/expected/basedir_options.css
81 silly gunzTarPerm extractEntry test/expected/default_options.css
82 silly gunzTarPerm extractEntry test/expected/no_basedir_options.css
83 silly gunzTarPerm extractEntry test/expected/rebase_urls.css
84 silly gunzTarPerm extractEntry test/fixtures/component_a/css/style.css
85 silly gunzTarPerm extractEntry test/fixtures/import.css
86 silly gunzTarPerm extractEntry test/fixtures/test.css
87 verbose write writing to /Users/pasha/Documents/Nodejs/node_modules/grunt-concat-css/package.json
88 info preinstall grunt-concat-css@0.3.1
89 verbose readDependencies loading dependencies from /Users/pasha/Documents/Nodejs/node_modules/grunt-concat-css/package.json
90 silly prepareForInstallMany adding grunt@~0.4.1 from grunt-concat-css peerDependencies
91 warn peerDependencies The peer dependency grunt@~0.4.1 included from grunt-concat-css will no
92 warn peerDependencies longer be automatically installed to fulfill the peerDependency
93 warn peerDependencies in npm 3+. Your application will need to depend on it explicitly.
94 verbose readDependencies loading dependencies from /Users/pasha/Documents/Nodejs/node_modules/grunt-concat-css/package.json
95 silly install resolved []
96 verbose about to build /Users/pasha/Documents/Nodejs/node_modules/grunt-concat-css
97 info build /Users/pasha/Documents/Nodejs/node_modules/grunt-concat-css
98 info linkStuff grunt-concat-css@0.3.1
99 silly linkStuff grunt-concat-css@0.3.1 has /Users/pasha/Documents/Nodejs/node_modules as its parent node_modules
100 verbose linkBins grunt-concat-css@0.3.1
101 verbose linkMans grunt-concat-css@0.3.1
102 verbose rebuildBundles grunt-concat-css@0.3.1
103 info install grunt-concat-css@0.3.1
104 info postinstall grunt-concat-css@0.3.1
105 verbose readDependencies loading dependencies from /Users/pasha/Documents/Nodejs/package.json
106 verbose targetResolver reading package data from /Users/pasha/Documents/Nodejs/node_modules/grunt/package.json
107 verbose targetResolver reading package data from /Users/pasha/Documents/Nodejs/node_modules/grunt-concat-css/package.json
108 verbose targetResolver reading package data from /Users/pasha/Documents/Nodejs/node_modules/grunt-contrib-concat/package.json
109 verbose targetResolver reading package data from /Users/pasha/Documents/Nodejs/node_modules/grunt-contrib-cssmin/package.json
110 verbose targetResolver reading package data from /Users/pasha/Documents/Nodejs/node_modules/grunt-contrib-uglify/package.json
111 verbose targetResolver reading package data from /Users/pasha/Documents/Nodejs/node_modules/.bin/grunt/package.json
112 verbose already installed skipping grunt@~0.4.1 /Users/pasha/Documents/Nodejs
113 silly install resolved []
114 verbose unlock done using /Users/pasha/.npm/_locks/grunt-concat-css-f74f68febe8dac25.lock for /Users/pasha/Documents/Nodejs/node_modules/grunt-concat-css
115 verbose validateInstall loading /Users/pasha/Documents/Nodejs/package.json for validation
116 verbose stack Error: The package grunt@1.0.1 does not satisfy its siblings' peerDependencies requirements!
116 verbose stack     at /usr/local/lib/node_modules/npm/lib/install.js:125:32
116 verbose stack     at /usr/local/lib/node_modules/npm/lib/install.js:268:7
116 verbose stack     at /usr/local/lib/node_modules/npm/node_modules/read-installed/read-installed.js:142:5
116 verbose stack     at /usr/local/lib/node_modules/npm/node_modules/read-installed/read-installed.js:263:14
116 verbose stack     at cb (/usr/local/lib/node_modules/npm/node_modules/slide/lib/async-map.js:47:24)
116 verbose stack     at /usr/local/lib/node_modules/npm/node_modules/read-installed/read-installed.js:263:14
116 verbose stack     at cb (/usr/local/lib/node_modules/npm/node_modules/slide/lib/async-map.js:47:24)
116 verbose stack     at /usr/local/lib/node_modules/npm/node_modules/read-installed/read-installed.js:263:14
116 verbose stack     at cb (/usr/local/lib/node_modules/npm/node_modules/slide/lib/async-map.js:47:24)
116 verbose stack     at /usr/local/lib/node_modules/npm/node_modules/read-installed/read-installed.js:263:14
117 verbose cwd /Users/pasha/Documents/Nodejs
118 error Darwin 15.3.0
119 error argv "/usr/local/bin/node" "/usr/local/bin/npm" "install" "grunt-concat-css" "--save-dev"
120 error node v4.4.5
121 error npm  v2.15.5
122 error code EPEERINVALID
123 error peerinvalid The package grunt@1.0.1 does not satisfy its siblings' peerDependencies requirements!
123 error peerinvalid Peer grunt-concat-css@0.3.1 wants grunt@~0.4.1
123 error peerinvalid Peer grunt-contrib-concat@1.0.1 wants grunt@>=0.4.0
124 verbose exit [ 1, true ]
